make --dry-run --always-make --keep-going --print-directory
make: Entering directory '/home/mbecel/delivery/elementary/BSQ/Bscube'
cc -Wall -Wextra -I include/ -I include/lib/   -c -o src/my_putmatrix.o src/my_putmatrix.c
cc -Wall -Wextra -I include/ -I include/lib/   -c -o src/print.o src/print.c
cc -Wall -Wextra -I include/ -I include/lib/   -c -o src/check_square.o src/check_square.c
cc -Wall -Wextra -I include/ -I include/lib/   -c -o src/max_square.o src/max_square.c
cc -Wall -Wextra -I include/ -I include/lib/   -c -o src/buffer_to_matrix.o src/buffer_to_matrix.c
cc -Wall -Wextra -I include/ -I include/lib/   -c -o src/display.o src/display.c
cc -Wall -Wextra -I include/ -I include/lib/   -c -o src/launch.o src/launch.c
cc -Wall -Wextra -I include/ -I include/lib/   -c -o lib/my/my_putstr.o lib/my/my_putstr.c
cc -Wall -Wextra -I include/ -I include/lib/   -c -o lib/my/my_revstr.o lib/my/my_revstr.c
cc -Wall -Wextra -I include/ -I include/lib/   -c -o lib/my/my_swap.o lib/my/my_swap.c
cc -Wall -Wextra -I include/ -I include/lib/   -c -o lib/my/my_starstrlen.o lib/my/my_starstrlen.c
cc -Wall -Wextra -I include/ -I include/lib/   -c -o lib/my/my_putstarstr.o lib/my/my_putstarstr.c
cc -Wall -Wextra -I include/ -I include/lib/   -c -o lib/my/my_showstr.o lib/my/my_showstr.c
cc -Wall -Wextra -I include/ -I include/lib/   -c -o lib/my/my_strcpy.o lib/my/my_strcpy.c
cc -Wall -Wextra -I include/ -I include/lib/   -c -o lib/my/my_strstr.o lib/my/my_strstr.c
cc -Wall -Wextra -I include/ -I include/lib/   -c -o lib/my/my_compute_square_root.o lib/my/my_compute_square_root.c
cc -Wall -Wextra -I include/ -I include/lib/   -c -o lib/my/concat.o lib/my/concat.c
cc -Wall -Wextra -I include/ -I include/lib/   -c -o lib/my/my_str_isupper.o lib/my/my_str_isupper.c
cc -Wall -Wextra -I include/ -I include/lib/   -c -o lib/my/my_strlen.o lib/my/my_strlen.c
cc -Wall -Wextra -I include/ -I include/lib/   -c -o lib/my/my_find_prime_sup.o lib/my/my_find_prime_sup.c
cc -Wall -Wextra -I include/ -I include/lib/   -c -o lib/my/my_str_islower.o lib/my/my_str_islower.c
cc -Wall -Wextra -I include/ -I include/lib/   -c -o lib/my/my_strcmp.o lib/my/my_strcmp.c
cc -Wall -Wextra -I include/ -I include/lib/   -c -o lib/my/my_strlowcase.o lib/my/my_strlowcase.c
cc -Wall -Wextra -I include/ -I include/lib/   -c -o lib/my/my_strcat.o lib/my/my_strcat.c
cc -Wall -Wextra -I include/ -I include/lib/   -c -o lib/my/inttochar.o lib/my/inttochar.c
cc -Wall -Wextra -I include/ -I include/lib/   -c -o lib/my/my_showmem.o lib/my/my_showmem.c
cc -Wall -Wextra -I include/ -I include/lib/   -c -o lib/my/my_compute_power_rec.o lib/my/my_compute_power_rec.c
cc -Wall -Wextra -I include/ -I include/lib/   -c -o lib/my/my_getnbr.o lib/my/my_getnbr.c
cc -Wall -Wextra -I include/ -I include/lib/   -c -o lib/my/my_sort_int_array.o lib/my/my_sort_int_array.c
cc -Wall -Wextra -I include/ -I include/lib/   -c -o lib/my/my_put_nbr.o lib/my/my_put_nbr.c
cc -Wall -Wextra -I include/ -I include/lib/   -c -o lib/my/my_putchar.o lib/my/my_putchar.c
cc -Wall -Wextra -I include/ -I include/lib/   -c -o lib/my/my_strupcase.o lib/my/my_strupcase.c
cc -Wall -Wextra -I include/ -I include/lib/   -c -o lib/my/my_str_to_word_array.o lib/my/my_str_to_word_array.c
cc -Wall -Wextra -I include/ -I include/lib/   -c -o lib/my/my_str_isalpha.o lib/my/my_str_isalpha.c
cc -Wall -Wextra -I include/ -I include/lib/   -c -o lib/my/my_isneg.o lib/my/my_isneg.c
cc -Wall -Wextra -I include/ -I include/lib/   -c -o lib/my/my_str_isprintable.o lib/my/my_str_isprintable.c
cc -Wall -Wextra -I include/ -I include/lib/   -c -o lib/my/my_str_isnum.o lib/my/my_str_isnum.c
cc -Wall -Wextra -I include/ -I include/lib/   -c -o lib/my/my_strncat.o lib/my/my_strncat.c
cc -Wall -Wextra -I include/ -I include/lib/   -c -o lib/my/my_strncpy.o lib/my/my_strncpy.c
cc -Wall -Wextra -I include/ -I include/lib/   -c -o lib/my/my_is_prime.o lib/my/my_is_prime.c
cc -Wall -Wextra -I include/ -I include/lib/   -c -o lib/my/my_strcapitalize.o lib/my/my_strcapitalize.c
cc -Wall -Wextra -I include/ -I include/lib/   -c -o lib/my/my_show_word_array.o lib/my/my_show_word_array.c
cc -Wall -Wextra -I include/ -I include/lib/   -c -o lib/my/my_strdup.o lib/my/my_strdup.c
cc -Wall -Wextra -I include/ -I include/lib/   -c -o lib/my/my_strncmp.o lib/my/my_strncmp.c
make -C lib/my
gcc -o bscube ./src/my_putmatrix.o ./src/print.o ./src/check_square.o ./src/max_square.o ./src/buffer_to_matrix.o ./src/display.o ./src/launch.o ./lib/my/my_putstr.o ./lib/my/my_revstr.o ./lib/my/my_swap.o ./lib/my/my_starstrlen.o ./lib/my/my_putstarstr.o ./lib/my/my_showstr.o ./lib/my/my_strcpy.o ./lib/my/my_strstr.o ./lib/my/my_compute_square_root.o ./lib/my/concat.o ./lib/my/my_str_isupper.o ./lib/my/my_strlen.o ./lib/my/my_find_prime_sup.o ./lib/my/my_str_islower.o ./lib/my/my_strcmp.o ./lib/my/my_strlowcase.o ./lib/my/my_strcat.o ./lib/my/inttochar.o ./lib/my/my_showmem.o ./lib/my/my_compute_power_rec.o ./lib/my/my_getnbr.o ./lib/my/my_sort_int_array.o ./lib/my/my_put_nbr.o ./lib/my/my_putchar.o ./lib/my/my_strupcase.o ./lib/my/my_str_to_word_array.o ./lib/my/my_str_isalpha.o ./lib/my/my_isneg.o ./lib/my/my_str_isprintable.o ./lib/my/my_str_isnum.o ./lib/my/my_strncat.o ./lib/my/my_strncpy.o ./lib/my/my_is_prime.o ./lib/my/my_strcapitalize.o ./lib/my/my_show_word_array.o ./lib/my/my_strdup.o ./lib/my/my_strncmp.o -I include/ -L lib/my/ -lmy
rm -f ./src/my_putmatrix.o ./src/print.o ./src/check_square.o ./src/max_square.o ./src/buffer_to_matrix.o ./src/display.o ./src/launch.o ./lib/my/my_putstr.o ./lib/my/my_revstr.o ./lib/my/my_swap.o ./lib/my/my_starstrlen.o ./lib/my/my_putstarstr.o ./lib/my/my_showstr.o ./lib/my/my_strcpy.o ./lib/my/my_strstr.o ./lib/my/my_compute_square_root.o ./lib/my/concat.o ./lib/my/my_str_isupper.o ./lib/my/my_strlen.o ./lib/my/my_find_prime_sup.o ./lib/my/my_str_islower.o ./lib/my/my_strcmp.o ./lib/my/my_strlowcase.o ./lib/my/my_strcat.o ./lib/my/inttochar.o ./lib/my/my_showmem.o ./lib/my/my_compute_power_rec.o ./lib/my/my_getnbr.o ./lib/my/my_sort_int_array.o ./lib/my/my_put_nbr.o ./lib/my/my_putchar.o ./lib/my/my_strupcase.o ./lib/my/my_str_to_word_array.o ./lib/my/my_str_isalpha.o ./lib/my/my_isneg.o ./lib/my/my_str_isprintable.o ./lib/my/my_str_isnum.o ./lib/my/my_strncat.o ./lib/my/my_strncpy.o ./lib/my/my_is_prime.o ./lib/my/my_strcapitalize.o ./lib/my/my_show_word_array.o ./lib/my/my_strdup.o ./lib/my/my_strncmp.o
make: Leaving directory '/home/mbecel/delivery/elementary/BSQ/Bscube'
 
