make --dry-run --always-make --keep-going --print-directory
make: Entering directory '/home/mbecel/delivery/elementary/Corewar/Corewar/bonus'
gcc -c -o src/main.o src/main.c -Wall -Wextra -Werror -I ../include/ -I ../include/lib/ -L ../lib/  -lm -lmy -lmyprintf -lcsfml-graphics -lcsfml-window -lcsfml-system && python3 ../build/build.py src/main.c 1 \
		43
gcc -c -o src/op.o src/op.c -Wall -Wextra -Werror -I ../include/ -I ../include/lib/ -L ../lib/  -lm -lmy -lmyprintf -lcsfml-graphics -lcsfml-window -lcsfml-system && python3 ../build/build.py src/op.c 2 \
		43
gcc -c -o src/draw_arene.o src/draw_arene.c -Wall -Wextra -Werror -I ../include/ -I ../include/lib/ -L ../lib/  -lm -lmy -lmyprintf -lcsfml-graphics -lcsfml-window -lcsfml-system && python3 ../build/build.py src/draw_arene.c 3 \
		43
gcc -c -o src/errors.o src/errors.c -Wall -Wextra -Werror -I ../include/ -I ../include/lib/ -L ../lib/  -lm -lmy -lmyprintf -lcsfml-graphics -lcsfml-window -lcsfml-system && python3 ../build/build.py src/errors.c 4 \
		43
gcc -c -o src/param.o src/param.c -Wall -Wextra -Werror -I ../include/ -I ../include/lib/ -L ../lib/  -lm -lmy -lmyprintf -lcsfml-graphics -lcsfml-window -lcsfml-system && python3 ../build/build.py src/param.c 5 \
		43
gcc -c -o src/check_champion.o src/check_champion.c -Wall -Wextra -Werror -I ../include/ -I ../include/lib/ -L ../lib/  -lm -lmy -lmyprintf -lcsfml-graphics -lcsfml-window -lcsfml-system && python3 ../build/build.py src/check_champion.c 6 \
		43
gcc -c -o src/print_arene.o src/print_arene.c -Wall -Wextra -Werror -I ../include/ -I ../include/lib/ -L ../lib/  -lm -lmy -lmyprintf -lcsfml-graphics -lcsfml-window -lcsfml-system && python3 ../build/build.py src/print_arene.c 7 \
		43
gcc -c -o src/get_option.o src/get_option.c -Wall -Wextra -Werror -I ../include/ -I ../include/lib/ -L ../lib/  -lm -lmy -lmyprintf -lcsfml-graphics -lcsfml-window -lcsfml-system && python3 ../build/build.py src/get_option.c 8 \
		43
gcc -c -o src/verif_champion.o src/verif_champion.c -Wall -Wextra -Werror -I ../include/ -I ../include/lib/ -L ../lib/  -lm -lmy -lmyprintf -lcsfml-graphics -lcsfml-window -lcsfml-system && python3 ../build/build.py src/verif_champion.c 9 \
		43
gcc -c -o src/init_champ.o src/init_champ.c -Wall -Wextra -Werror -I ../include/ -I ../include/lib/ -L ../lib/  -lm -lmy -lmyprintf -lcsfml-graphics -lcsfml-window -lcsfml-system && python3 ../build/build.py src/init_champ.c 10 \
		43
gcc -c -o src/init_arene.o src/init_arene.c -Wall -Wextra -Werror -I ../include/ -I ../include/lib/ -L ../lib/  -lm -lmy -lmyprintf -lcsfml-graphics -lcsfml-window -lcsfml-system && python3 ../build/build.py src/init_arene.c 11 \
		43
gcc -c -o src/int_to_hexa.o src/int_to_hexa.c -Wall -Wextra -Werror -I ../include/ -I ../include/lib/ -L ../lib/  -lm -lmy -lmyprintf -lcsfml-graphics -lcsfml-window -lcsfml-system && python3 ../build/build.py src/int_to_hexa.c 12 \
		43
gcc -c -o src/fill_champ.o src/fill_champ.c -Wall -Wextra -Werror -I ../include/ -I ../include/lib/ -L ../lib/  -lm -lmy -lmyprintf -lcsfml-graphics -lcsfml-window -lcsfml-system && python3 ../build/build.py src/fill_champ.c 13 \
		43
gcc -c -o src/action.o src/action.c -Wall -Wextra -Werror -I ../include/ -I ../include/lib/ -L ../lib/  -lm -lmy -lmyprintf -lcsfml-graphics -lcsfml-window -lcsfml-system && python3 ../build/build.py src/action.c 14 \
		43
gcc -c -o src/my_calloc.o src/my_calloc.c -Wall -Wextra -Werror -I ../include/ -I ../include/lib/ -L ../lib/  -lm -lmy -lmyprintf -lcsfml-graphics -lcsfml-window -lcsfml-system && python3 ../build/build.py src/my_calloc.c 15 \
		43
gcc -c -o src/init_prog.o src/init_prog.c -Wall -Wextra -Werror -I ../include/ -I ../include/lib/ -L ../lib/  -lm -lmy -lmyprintf -lcsfml-graphics -lcsfml-window -lcsfml-system && python3 ../build/build.py src/init_prog.c 16 \
		43
 
gcc -c -o src/get_data.o src/get_data.c -Wall -Wextra -Werror -I ../include/ -I ../include/lib/ -L ../lib/  -lm -lmy -lmyprintf -lcsfml-graphics -lcsfml-window -lcsfml-system && python3 ../build/build.py src/get_data.c 17 \
		43
gcc -c -o src/endian.o src/endian.c -Wall -Wextra -Werror -I ../include/ -I ../include/lib/ -L ../lib/  -lm -lmy -lmyprintf -lcsfml-graphics -lcsfml-window -lcsfml-system && python3 ../build/build.py src/endian.c 18 \
		43
gcc -c -o src/win.o src/win.c -Wall -Wextra -Werror -I ../include/ -I ../include/lib/ -L ../lib/  -lm -lmy -lmyprintf -lcsfml-graphics -lcsfml-window -lcsfml-system && python3 ../build/build.py src/win.c 19 \
		43
gcc -c -o src/ftoa.o src/ftoa.c -Wall -Wextra -Werror -I ../include/ -I ../include/lib/ -L ../lib/  -lm -lmy -lmyprintf -lcsfml-graphics -lcsfml-window -lcsfml-system && python3 ../build/build.py src/ftoa.c 20 \
		43
gcc -c -o src/actions/add.o src/actions/add.c -Wall -Wextra -Werror -I ../include/ -I ../include/lib/ -L ../lib/  -lm -lmy -lmyprintf -lcsfml-graphics -lcsfml-window -lcsfml-system && python3 ../build/build.py src/actions/add.c 21 \
		43
gcc -c -o src/actions/aff.o src/actions/aff.c -Wall -Wextra -Werror -I ../include/ -I ../include/lib/ -L ../lib/  -lm -lmy -lmyprintf -lcsfml-graphics -lcsfml-window -lcsfml-system && python3 ../build/build.py src/actions/aff.c 22 \
		43
gcc -c -o src/actions/and.o src/actions/and.c -Wall -Wextra -Werror -I ../include/ -I ../include/lib/ -L ../lib/  -lm -lmy -lmyprintf -lcsfml-graphics -lcsfml-window -lcsfml-system && python3 ../build/build.py src/actions/and.c 23 \
		43
gcc -c -o src/actions/and_adress.o src/actions/and_adress.c -Wall -Wextra -Werror -I ../include/ -I ../include/lib/ -L ../lib/  -lm -lmy -lmyprintf -lcsfml-graphics -lcsfml-window -lcsfml-system && python3 ../build/build.py src/actions/and_adress.c 24 \
		43
gcc -c -o src/actions/fork.o src/actions/fork.c -Wall -Wextra -Werror -I ../include/ -I ../include/lib/ -L ../lib/  -lm -lmy -lmyprintf -lcsfml-graphics -lcsfml-window -lcsfml-system && python3 ../build/build.py src/actions/fork.c 25 \
		43
gcc -c -o src/actions/ld.o src/actions/ld.c -Wall -Wextra -Werror -I ../include/ -I ../include/lib/ -L ../lib/  -lm -lmy -lmyprintf -lcsfml-graphics -lcsfml-window -lcsfml-system && python3 ../build/build.py src/actions/ld.c 26 \
		43
gcc -c -o src/actions/ldi.o src/actions/ldi.c -Wall -Wextra -Werror -I ../include/ -I ../include/lib/ -L ../lib/  -lm -lmy -lmyprintf -lcsfml-graphics -lcsfml-window -lcsfml-system && python3 ../build/build.py src/actions/ldi.c 27 \
		43
gcc -c -o src/actions/ldi_actions.o src/actions/ldi_actions.c -Wall -Wextra -Werror -I ../include/ -I ../include/lib/ -L ../lib/  -lm -lmy -lmyprintf -lcsfml-graphics -lcsfml-window -lcsfml-system && python3 ../build/build.py src/actions/ldi_actions.c 28 \
		43
gcc -c -o src/actions/lldi_actions.o src/actions/lldi_actions.c -Wall -Wextra -Werror -I ../include/ -I ../include/lib/ -L ../lib/  -lm -lmy -lmyprintf -lcsfml-graphics -lcsfml-window -lcsfml-system && python3 ../build/build.py src/actions/lldi_actions.c 29 \
		43
gcc -c -o src/actions/lfork.o src/actions/lfork.c -Wall -Wextra -Werror -I ../include/ -I ../include/lib/ -L ../lib/  -lm -lmy -lmyprintf -lcsfml-graphics -lcsfml-window -lcsfml-system && python3 ../build/build.py src/actions/lfork.c 30 \
		43
gcc -c -o src/actions/live.o src/actions/live.c -Wall -Wextra -Werror -I ../include/ -I ../include/lib/ -L ../lib/  -lm -lmy -lmyprintf -lcsfml-graphics -lcsfml-window -lcsfml-system && python3 ../build/build.py src/actions/live.c 31 \
		43
gcc -c -o src/actions/lld.o src/actions/lld.c -Wall -Wextra -Werror -I ../include/ -I ../include/lib/ -L ../lib/  -lm -lmy -lmyprintf -lcsfml-graphics -lcsfml-window -lcsfml-system && python3 ../build/build.py src/actions/lld.c 32 \
		43
gcc -c -o src/actions/lldi.o src/actions/lldi.c -Wall -Wextra -Werror -I ../include/ -I ../include/lib/ -L ../lib/  -lm -lmy -lmyprintf -lcsfml-graphics -lcsfml-window -lcsfml-system && python3 ../build/build.py src/actions/lldi.c 33 \
		43
gcc -c -o src/actions/or.o src/actions/or.c -Wall -Wextra -Werror -I ../include/ -I ../include/lib/ -L ../lib/  -lm -lmy -lmyprintf -lcsfml-graphics -lcsfml-window -lcsfml-system && python3 ../build/build.py src/actions/or.c 34 \
		43
gcc -c -o src/actions/or_adress.o src/actions/or_adress.c -Wall -Wextra -Werror -I ../include/ -I ../include/lib/ -L ../lib/  -lm -lmy -lmyprintf -lcsfml-graphics -lcsfml-window -lcsfml-system && python3 ../build/build.py src/actions/or_adress.c 35 \
		43
gcc -c -o src/actions/st.o src/actions/st.c -Wall -Wextra -Werror -I ../include/ -I ../include/lib/ -L ../lib/  -lm -lmy -lmyprintf -lcsfml-graphics -lcsfml-window -lcsfml-system && python3 ../build/build.py src/actions/st.c 36 \
		43
gcc -c -o src/actions/sti.o src/actions/sti.c -Wall -Wextra -Werror -I ../include/ -I ../include/lib/ -L ../lib/  -lm -lmy -lmyprintf -lcsfml-graphics -lcsfml-window -lcsfml-system && python3 ../build/build.py src/actions/sti.c 37 \
		43
gcc -c -o src/actions/sub.o src/actions/sub.c -Wall -Wextra -Werror -I ../include/ -I ../include/lib/ -L ../lib/  -lm -lmy -lmyprintf -lcsfml-graphics -lcsfml-window -lcsfml-system && python3 ../build/build.py src/actions/sub.c 38 \
		43
gcc -c -o src/actions/xor.o src/actions/xor.c -Wall -Wextra -Werror -I ../include/ -I ../include/lib/ -L ../lib/  -lm -lmy -lmyprintf -lcsfml-graphics -lcsfml-window -lcsfml-system && python3 ../build/build.py src/actions/xor.c 39 \
		43
gcc -c -o src/actions/xor_adress.o src/actions/xor_adress.c -Wall -Wextra -Werror -I ../include/ -I ../include/lib/ -L ../lib/  -lm -lmy -lmyprintf -lcsfml-graphics -lcsfml-window -lcsfml-system && python3 ../build/build.py src/actions/xor_adress.c 40 \
		43
gcc -c -o src/actions/zjmp.o src/actions/zjmp.c -Wall -Wextra -Werror -I ../include/ -I ../include/lib/ -L ../lib/  -lm -lmy -lmyprintf -lcsfml-graphics -lcsfml-window -lcsfml-system && python3 ../build/build.py src/actions/zjmp.c 41 \
		43
gcc -c -o src/event.o src/event.c -Wall -Wextra -Werror -I ../include/ -I ../include/lib/ -L ../lib/  -lm -lmy -lmyprintf -lcsfml-graphics -lcsfml-window -lcsfml-system && python3 ../build/build.py src/event.c 42 \
		43
gcc -c -o src/draw_ui.o src/draw_ui.c -Wall -Wextra -Werror -I ../include/ -I ../include/lib/ -L ../lib/  -lm -lmy -lmyprintf -lcsfml-graphics -lcsfml-window -lcsfml-system && python3 ../build/build.py src/draw_ui.c 43 \
		43
echo
(/bin/echo -e "\e[1m" "\e[32m"✓"\e[94m" \
		"SRC files sucessfully build. ""\033[00m")
make -C ../lib/my/ --no-print-directory
make -C ../lib/myprintf/ --no-print-directory
gcc -o corewar src/main.o src/op.o src/draw_arene.o src/errors.o src/param.o src/check_champion.o src/print_arene.o src/get_option.o src/verif_champion.o src/init_champ.o src/init_arene.o src/int_to_hexa.o src/fill_champ.o src/action.o src/my_calloc.o src/init_prog.o src/get_data.o src/endian.o src/win.o src/ftoa.o src/actions/add.o src/actions/aff.o src/actions/and.o src/actions/and_adress.o src/actions/fork.o src/actions/ld.o src/actions/ldi.o src/actions/ldi_actions.o src/actions/lldi_actions.o src/actions/lfork.o src/actions/live.o src/actions/lld.o src/actions/lldi.o src/actions/or.o src/actions/or_adress.o src/actions/st.o src/actions/sti.o src/actions/sub.o src/actions/xor.o src/actions/xor_adress.o src/actions/zjmp.o src/event.o src/draw_ui.o -I ../include/ -I ../include/lib/ -L ../lib/  -lm -lmy -lmyprintf -lcsfml-graphics -lcsfml-window -lcsfml-system \
		&& /bin/echo -e "\e[1m" "\e[32m""\n► BUILD SUCCESS !""\033[00m" \
		|| (/bin/echo -e "\e[1m" "\e[31m""\n► BUILD FAILED""\033[00m" && exit 1)
make: Leaving directory '/home/mbecel/delivery/elementary/Corewar/Corewar/bonus'
 
